java.io.IOException: Cannot run program "C:\Program Files\Java\Java jdk 11\bin\java.exe" (in directory "C:\Users\Acer\Desktop\Sc09"): CreateProcess error=2, The system cannot find the file specified
  java.base@17.0.6/java.lang.ProcessBuilder.start(ProcessBuilder.java:1143)
  java.base@17.0.6/java.lang.ProcessBuilder.start(ProcessBuilder.java:1073)
  os.proc.proc$lzyINIT1$1(ProcessOps.scala:123)
  os.proc.proc$1(ProcessOps.scala:127)
  os.proc.spawn(ProcessOps.scala:129)
  os.proc.call(ProcessOps.scala:87)
  scala.build.internal.OsLibc$.javaVersion(OsLibc.scala:80)
  scala.build.internal.OsLibc$.javaHomeVersion(OsLibc.scala:95)
  scala.cli.commands.shared.SharedOptions.$anonfun$39$$anonfun$1(SharedOptions.scala:555)
  scala.Option.map(Option.scala:242)
  scala.cli.commands.shared.SharedOptions.$anonfun$39(SharedOptions.scala:559)
  scala.Option.orElse(Option.scala:477)
  scala.cli.commands.shared.SharedOptions.bloopRifleConfig$$anonfun$1(SharedOptions.scala:560)
  scala.build.EitherCps$Helper.apply(EitherCps.scala:19)
  scala.cli.commands.shared.SharedOptions.bloopRifleConfig(SharedOptions.scala:570)
  scala.cli.commands.bsp.Bsp$.runCommand(Bsp.scala:119)
  scala.cli.commands.bsp.Bsp$.runCommand(Bsp.scala:55)
  scala.cli.commands.ScalaCommand.run(ScalaCommand.scala:379)
  scala.cli.commands.ScalaCommand.run(ScalaCommand.scala:361)
  caseapp.core.app.CaseApp.main(CaseApp.scala:157)
  scala.cli.commands.ScalaCommand.main(ScalaCommand.scala:346)
  caseapp.core.app.CommandsEntryPoint.main(CommandsEntryPoint.scala:166)
  scala.cli.ScalaCliCommands.main(ScalaCliCommands.scala:125)
  scala.cli.ScalaCli$.main0(ScalaCli.scala:286)
  scala.cli.ScalaCli$.main(ScalaCli.scala:116)
  scala.cli.ScalaCli.main(ScalaCli.scala)
java.io.IOException: CreateProcess error=2, The system cannot find the file specified
  com.oracle.svm.core.jni.functions.JNIFunctions$NewObjectWithObjectArrayArgFunctionPointer.invoke(JNIFunctions.java)
  com.oracle.svm.core.jni.functions.JNIFunctions.ThrowNew(JNIFunctions.java:882)
  java.base@17.0.6/java.lang.ProcessImpl.create(ProcessImpl.java)
  java.base@17.0.6/java.lang.ProcessImpl.<init>(ProcessImpl.java:499)
  java.base@17.0.6/java.lang.ProcessImpl.start(ProcessImpl.java:158)
  java.base@17.0.6/java.lang.ProcessBuilder.start(ProcessBuilder.java:1110)
  java.base@17.0.6/java.lang.ProcessBuilder.start(ProcessBuilder.java:1073)
  os.proc.proc$lzyINIT1$1(ProcessOps.scala:123)
  os.proc.proc$1(ProcessOps.scala:127)
  os.proc.spawn(ProcessOps.scala:129)
  os.proc.call(ProcessOps.scala:87)
  scala.build.internal.OsLibc$.javaVersion(OsLibc.scala:80)
  scala.build.internal.OsLibc$.javaHomeVersion(OsLibc.scala:95)
  scala.cli.commands.shared.SharedOptions.$anonfun$39$$anonfun$1(SharedOptions.scala:555)
  scala.Option.map(Option.scala:242)
  scala.cli.commands.shared.SharedOptions.$anonfun$39(SharedOptions.scala:559)
  scala.Option.orElse(Option.scala:477)
  scala.cli.commands.shared.SharedOptions.bloopRifleConfig$$anonfun$1(SharedOptions.scala:560)
  scala.build.EitherCps$Helper.apply(EitherCps.scala:19)
  scala.cli.commands.shared.SharedOptions.bloopRifleConfig(SharedOptions.scala:570)
  scala.cli.commands.bsp.Bsp$.runCommand(Bsp.scala:119)
  scala.cli.commands.bsp.Bsp$.runCommand(Bsp.scala:55)
  scala.cli.commands.ScalaCommand.run(ScalaCommand.scala:379)
  scala.cli.commands.ScalaCommand.run(ScalaCommand.scala:361)
  caseapp.core.app.CaseApp.main(CaseApp.scala:157)
  scala.cli.commands.ScalaCommand.main(ScalaCommand.scala:346)
  caseapp.core.app.CommandsEntryPoint.main(CommandsEntryPoint.scala:166)
  scala.cli.ScalaCliCommands.main(ScalaCliCommands.scala:125)
  scala.cli.ScalaCli$.main0(ScalaCli.scala:286)
  scala.cli.ScalaCli$.main(ScalaCli.scala:116)
  scala.cli.ScalaCli.main(ScalaCli.scala)
